2022-09-13 13:04:52 error: StatusCode : 400, Message : email must be an email, password must be a string
2022-09-13 13:05:20 error: StatusCode : 400, Message : email must be an email, password must be a string
2022-09-13 13:08:12 error: StatusCode : 400, Message : email must be an email, password must be a string
2022-09-13 13:08:47 error: StatusCode : 400, Message : email must be an email, password must be a string
2022-09-13 13:10:54 error: StatusCode : 400, Message : email must be an email, password must be a string
2022-09-13 13:12:41 error: StatusCode : 400, Message : email must be an email, password must be a string
2022-09-13 13:15:43 error: StatusCode : 400, Message : email must be an email, password must be a string
2022-09-13 13:16:34 error: StatusCode : 500, Message : Cannot read properties of undefined (reading 'constructor')
2022-09-13 13:16:58 error: StatusCode : 400, Message : email must be an email, password must be a string
2022-09-13 13:17:57 error: StatusCode : 400, Message : email must be an email, password must be a string
2022-09-13 13:18:52 error: StatusCode : 400, Message : email must be an email, password must be a string
2022-09-13 13:19:31 error: StatusCode : 400, Message : email must be an email, password must be a string
2022-09-13 13:20:45 error: StatusCode : 500, Message : data and salt arguments required
2022-09-13 13:21:20 error: StatusCode : 400, Message : email must be an email, password must be a string
2022-09-13 13:52:59 error: StatusCode : 500, Message : data and salt arguments required
2022-09-13 13:55:58 error: StatusCode : 400, Message : email must be an email, password must be a string
2022-09-13 13:56:45 error: StatusCode : 500, Message : data and salt arguments required
2022-09-13 13:57:44 error: StatusCode : 400, Message : email must be an email, password must be a string
2022-09-13 13:58:16 error: StatusCode : 400, Message : email must be an email, password must be a string
2022-09-13 14:00:03 error: StatusCode : 400, Message : email must be an email, password must be a string
2022-09-13 14:00:39 error: StatusCode : 500, Message : data and salt arguments required
2022-09-13 14:01:15 error: StatusCode : 500, Message : Cannot read properties of undefined (reading 'createValueMap')
2022-09-13 14:01:57 error: StatusCode : 409, Message : You're email testWeb@gmail.com already exists
2022-09-13 14:03:16 error: StatusCode : 500, Message : Cannot read properties of undefined (reading 'createValueMap')
2022-09-13 14:14:08 error: StatusCode : 409, Message : You're email testWeb2@gmail.com already exists
