2022-09-06 09:47:26 info: 🚀 App listening on the port 3000
2022-09-06 09:47:27 info: 🟢 The database is connected.
2022-09-06 09:47:36 info: [0mGET /getDefaultData [32m201[0m 12.061 ms - 899[0m
2022-09-06 09:48:33 info: [0mGET /getDefaultData [32m201[0m 1.951 ms - 899[0m
2022-09-06 09:49:27 info: [0mGET /getDefaultData [32m201[0m 1.168 ms - 899[0m
2022-09-06 09:49:52 info: [0mGET /getDefaultData [32m201[0m 1.048 ms - 899[0m
2022-09-06 09:51:30 info: [0mGET /getDefaultData [32m201[0m 1.503 ms - 899[0m
2022-09-06 09:55:36 info: [0mGET /getDefaultData [32m201[0m 1.503 ms - 899[0m
2022-09-06 09:56:12 info: [0mGET /getDefaultData [32m201[0m 1.091 ms - 899[0m
2022-09-06 10:16:43 info: [0mGET /getDefaultData [32m201[0m 1.131 ms - 899[0m
2022-09-06 10:17:22 info: [0mGET /getDefaultData [32m201[0m 2.137 ms - 899[0m
2022-09-06 10:33:13 info: [0mGET /getDefaultData [32m201[0m 1.682 ms - 899[0m
2022-09-06 10:34:16 info: [0mGET /getDefaultData [32m201[0m 1.396 ms - 899[0m
2022-09-06 10:34:31 info: [0mGET /getDefaultData [32m201[0m 1.013 ms - 899[0m
2022-09-06 10:35:11 info: [0mGET /getDefaultData [32m201[0m 0.910 ms - 899[0m
2022-09-06 10:36:43 info: [0mGET /getDefaultData [32m201[0m 1.336 ms - 899[0m
2022-09-06 10:39:43 info: [0mGET /getDefaultData [32m201[0m 1.296 ms - 899[0m
2022-09-06 10:40:25 info: [0mGET /getDefaultData [32m201[0m 0.900 ms - 899[0m
2022-09-06 11:51:22 info: [0mGET /getDefaultData [32m201[0m 7.440 ms - 899[0m
2022-09-06 11:51:45 info: [0mGET /getDefaultData [32m201[0m 2.279 ms - 899[0m
2022-09-06 11:55:31 info: [0mGET /getDefaultData [32m201[0m 1.125 ms - 899[0m
2022-09-06 11:55:48 info: [0mGET /getDefaultData [32m201[0m 0.907 ms - 899[0m
2022-09-06 11:57:53 info: [0mGET /getDefaultData [32m201[0m 1.246 ms - 899[0m
2022-09-06 11:58:16 info: [0mGET /getDefaultData [32m201[0m 1.308 ms - 899[0m
2022-09-06 11:58:40 info: [0mGET /getDefaultData [32m201[0m 1.367 ms - 899[0m
2022-09-06 11:59:19 info: [0mGET /getDefaultData [32m201[0m 2.697 ms - 899[0m
2022-09-06 12:07:09 info: [0mGET /getDefaultData [32m201[0m 1.123 ms - 899[0m
2022-09-06 12:07:45 info: [0mGET /getDefaultData [32m201[0m 1.305 ms - 899[0m
2022-09-06 12:08:08 info: [0mGET /getDefaultData [32m201[0m 1.042 ms - 899[0m
2022-09-06 12:10:03 info: [0mGET /getDefaultData [32m201[0m 1.548 ms - 899[0m
2022-09-06 12:10:26 info: [0mGET /getDefaultData [32m201[0m 0.979 ms - 899[0m
2022-09-06 12:15:55 info: [0mGET /getDefaultData [32m201[0m 1.183 ms - 899[0m
2022-09-06 12:17:51 info: [0mGET /getDefaultData [32m201[0m 1.027 ms - 899[0m
2022-09-06 12:21:21 info: [0mGET /getDefaultData [32m201[0m 0.939 ms - 899[0m
2022-09-06 12:22:46 info: [0mGET /getDefaultData [32m201[0m 0.870 ms - 899[0m
2022-09-06 12:24:05 info: [0mGET /getDefaultData [32m201[0m 1.658 ms - 899[0m
2022-09-06 12:24:58 info: [0mGET /getDefaultData [32m201[0m 1.040 ms - 899[0m
2022-09-06 12:26:22 info: [0mGET /getDefaultData [32m201[0m 1.125 ms - 899[0m
2022-09-06 12:29:41 info: [0mGET /getDefaultData [32m201[0m 0.877 ms - 899[0m
2022-09-06 12:30:28 info: [0mGET /getDefaultData [32m201[0m 1.148 ms - 899[0m
2022-09-06 12:31:02 info: [0mGET /getDefaultData [32m201[0m 0.933 ms - 899[0m
2022-09-06 12:31:24 info: [0mGET /getDefaultData [32m201[0m 1.042 ms - 899[0m
2022-09-06 12:38:33 info: [0mGET /getDefaultData [32m201[0m 0.977 ms - 899[0m
2022-09-06 12:38:59 info: [0mGET /getDefaultData [32m201[0m 1.478 ms - 899[0m
2022-09-06 12:39:45 info: [0mGET /getDefaultData [32m201[0m 0.933 ms - 899[0m
2022-09-06 12:41:00 info: [0mGET /getDefaultData [32m201[0m 1.021 ms - 899[0m
2022-09-06 12:43:01 info: [0mGET /getDefaultData [32m201[0m 1.169 ms - 899[0m
2022-09-06 12:43:56 info: [0mGET /getDefaultData [32m201[0m 0.830 ms - 899[0m
2022-09-06 12:44:21 info: [0mGET /getDefaultData [32m201[0m 1.353 ms - 899[0m
2022-09-06 12:45:22 info: [0mGET /getDefaultData [32m201[0m 0.966 ms - 899[0m
2022-09-06 12:46:15 info: [0mGET /getDefaultData [32m201[0m 0.997 ms - 899[0m
2022-09-06 12:46:47 info: [0mGET /getDefaultData [32m201[0m 0.977 ms - 899[0m
2022-09-06 12:48:22 info: [0mGET /getDefaultData [32m201[0m 1.768 ms - 899[0m
2022-09-06 12:48:47 info: [0mGET /getDefaultData [32m201[0m 0.609 ms - 899[0m
2022-09-06 13:01:22 info: [0mGET /getDefaultData [32m201[0m 0.955 ms - 899[0m
2022-09-06 13:01:49 info: [0mGET /getDefaultData [32m201[0m 0.791 ms - 899[0m
2022-09-06 13:06:38 info: 🚀 App listening on the port 3000
2022-09-06 13:06:39 info: 🟢 The database is connected.
2022-09-06 13:22:48 info: [0mGET /getDefaultData [32m201[0m 8.957 ms - 962[0m
2022-09-06 13:23:51 info: [0mGET /getDefaultData [32m201[0m 3.173 ms - 962[0m
2022-09-06 13:25:14 info: [0mGET /getDefaultData [32m201[0m 1.353 ms - 962[0m
2022-09-06 13:25:52 info: [0mGET /getDefaultData [32m201[0m 1.380 ms - 962[0m
2022-09-06 13:27:00 info: [0mGET /getDefaultData [32m201[0m 1.387 ms - 962[0m
2022-09-06 13:27:55 info: [0mGET /getDefaultData [32m201[0m 1.658 ms - 962[0m
2022-09-06 13:29:06 info: [0mGET /getDefaultData [32m201[0m 1.432 ms - 962[0m
2022-09-06 13:29:57 info: [0mGET /getDefaultData [32m201[0m 1.894 ms - 962[0m
2022-09-06 13:30:18 info: [0mGET /getDefaultData [32m201[0m 1.755 ms - 962[0m
2022-09-06 13:32:49 info: [0mGET /getDefaultData [32m201[0m 1.690 ms - 962[0m
2022-09-06 13:33:07 info: [0mGET /getDefaultData [32m201[0m 1.896 ms - 962[0m
2022-09-06 13:35:12 info: [0mGET /getDefaultData [32m201[0m 1.164 ms - 962[0m
2022-09-06 13:35:47 info: [0mGET /getDefaultData [32m201[0m 2.797 ms - 962[0m
2022-09-06 13:36:16 info: [0mGET /getDefaultData [32m201[0m 2.747 ms - 962[0m
2022-09-06 13:43:10 info: [0mGET /getDefaultData [32m201[0m 1.394 ms - 962[0m
2022-09-06 13:44:02 info: [0mGET /getDefaultData [32m201[0m 1.419 ms - 962[0m
2022-09-06 16:18:15 info: [0mGET /getDefaultData [32m201[0m 1.609 ms - 962[0m
2022-09-06 16:19:03 info: [0mGET /getDefaultData [32m201[0m 1.558 ms - 962[0m
2022-09-06 16:24:08 info: [0mGET /getDefaultData [32m201[0m 1.634 ms - 962[0m
2022-09-06 16:25:12 info: [0mGET /getDefaultData [32m201[0m 1.258 ms - 962[0m
2022-09-06 16:26:01 info: [0mGET /getDefaultData [32m201[0m 0.895 ms - 962[0m
2022-09-06 16:30:20 info: [0mGET /getDefaultData [32m201[0m 0.859 ms - 962[0m
2022-09-06 16:34:31 info: [0mGET /getDefaultData [32m201[0m 2.070 ms - 962[0m
2022-09-06 16:35:35 info: [0mGET /getDefaultData [32m201[0m 1.035 ms - 962[0m
2022-09-06 16:36:39 info: [0mGET /getDefaultData [32m201[0m 1.249 ms - 962[0m
2022-09-06 16:37:49 info: [0mGET /getDefaultData [32m201[0m 1.024 ms - 962[0m
2022-09-06 16:39:02 info: [0mGET /getDefaultData [32m201[0m 1.104 ms - 962[0m
2022-09-06 16:46:07 info: [0mGET /getDefaultData [32m201[0m 1.203 ms - 962[0m
2022-09-06 16:46:54 info: [0mGET /getDefaultData [32m201[0m 0.950 ms - 962[0m
2022-09-06 16:49:00 info: [0mGET /getDefaultData [32m201[0m 0.877 ms - 962[0m
2022-09-06 16:51:22 info: [0mGET /getDefaultData [32m201[0m 0.876 ms - 962[0m
2022-09-06 16:51:58 info: [0mGET /getDefaultData [32m201[0m 1.228 ms - 962[0m
2022-09-06 16:52:52 info: [0mGET /getDefaultData [32m201[0m 0.950 ms - 962[0m
2022-09-06 16:53:38 info: [0mGET /getDefaultData [32m201[0m 0.909 ms - 962[0m
2022-09-06 16:55:41 info: [0mGET /getDefaultData [32m201[0m 2.499 ms - 962[0m
2022-09-06 17:27:21 info: [0mGET /getDefaultData [32m201[0m 1.719 ms - 962[0m
2022-09-06 17:34:36 info: 🚀 App listening on the port 3000
2022-09-06 17:34:37 info: 🟢 The database is connected.
2022-09-06 17:38:51 info: 🚀 App listening on the port 3000
2022-09-06 17:38:51 info: 🟢 The database is connected.
2022-09-06 17:39:05 info: 🚀 App listening on the port 3000
2022-09-06 17:39:06 info: 🟢 The database is connected.
2022-09-06 17:45:27 info: 🚀 App listening on the port 3000
2022-09-06 17:45:27 info: 🟢 The database is connected.
2022-09-06 17:48:19 info: 🚀 App listening on the port 3000
2022-09-06 17:48:21 info: 🟢 The database is connected.
2022-09-06 17:49:00 info: 🚀 App listening on the port 3000
2022-09-06 17:49:01 info: 🟢 The database is connected.
2022-09-06 17:50:13 info: 🚀 App listening on the port 3000
2022-09-06 17:50:14 info: 🟢 The database is connected.
2022-09-06 17:57:09 info: 🚀 App listening on the port 3000
2022-09-06 17:57:10 info: 🟢 The database is connected.
2022-09-06 17:59:51 error: StatusCode : 500, Message : Cannot read properties of undefined (reading 'createValueMap')
2022-09-06 17:59:51 info: [0mGET /getDefaultData [31m500[0m 111.188 ms - 76[0m
2022-09-06 18:04:38 info: 🚀 App listening on the port 3000
2022-09-06 18:04:39 info: 🟢 The database is connected.
2022-09-06 18:06:47 info: 🚀 App listening on the port 3000
2022-09-06 18:06:48 info: 🟢 The database is connected.
2022-09-06 18:07:32 info: [0mGET /getDefaultData [32m201[0m 75.757 ms - 424[0m
2022-09-06 18:08:36 info: 🚀 App listening on the port 3000
2022-09-06 18:08:37 info: 🟢 The database is connected.
2022-09-06 18:08:48 info: 🚀 App listening on the port 3000
2022-09-06 18:08:49 info: 🟢 The database is connected.
2022-09-06 18:34:59 info: 🚀 App listening on the port 3000
2022-09-06 18:35:00 info: 🟢 The database is connected.
2022-09-06 21:46:07 info: 🚀 App listening on the port 3000
2022-09-06 21:46:08 info: 🟢 The database is connected.
2022-09-06 21:46:45 info: [0mGET /getDefaultData [32m201[0m 83.148 ms - 25[0m
2022-09-06 21:47:52 info: 🚀 App listening on the port 3000
2022-09-06 21:47:53 info: 🟢 The database is connected.
2022-09-06 21:48:52 info: [0mGET /getDefaultData [32m201[0m 61.762 ms - 912[0m
2022-09-06 22:01:27 info: 🚀 App listening on the port 3000
2022-09-06 22:01:28 info: 🟢 The database is connected.
2022-09-06 22:01:47 info: 🚀 App listening on the port 3000
2022-09-06 22:01:47 info: 🟢 The database is connected.
2022-09-06 22:08:19 info: [0mGET /getDefaultData [32m201[0m 61.926 ms - 912[0m
2022-09-06 22:09:13 info: [0mGET /getDefaultData [32m201[0m 47.868 ms - 912[0m
2022-09-06 22:09:37 info: [0mGET /getDefaultData [32m201[0m 46.775 ms - 912[0m
2022-09-06 22:11:05 info: [0mGET /getDefaultData [32m201[0m 50.642 ms - 912[0m
2022-09-06 22:11:55 info: [0mGET /getDefaultData [32m201[0m 48.131 ms - 912[0m
2022-09-06 22:16:02 info: [0mGET /getDefaultData [32m201[0m 45.551 ms - 912[0m
2022-09-06 22:16:30 info: [0mGET /getDefaultData [32m201[0m 47.494 ms - 912[0m
2022-09-06 22:18:07 info: [0mGET /getDefaultData [32m201[0m 3623.738 ms - 912[0m
2022-09-06 22:18:49 info: [0mGET /getDefaultData [32m201[0m 53.187 ms - 912[0m
2022-09-06 22:21:12 info: [0mGET /getDefaultData [32m201[0m 46.404 ms - 912[0m
2022-09-06 22:22:26 info: [0mGET /getDefaultData [32m201[0m 45.800 ms - 912[0m
2022-09-06 22:24:13 info: [0mGET /getDefaultData [32m201[0m 49.733 ms - 912[0m
2022-09-06 22:31:57 info: [0mGET /getDefaultData [32m201[0m 46.881 ms - 912[0m
2022-09-06 22:33:23 info: [0mGET /getDefaultData [32m201[0m 46.125 ms - 912[0m
2022-09-06 22:34:24 info: [0mGET /getDefaultData [32m201[0m 45.084 ms - 912[0m
2022-09-06 22:38:16 info: [0mGET /getDefaultData [32m201[0m 45.727 ms - 912[0m
2022-09-06 22:39:07 info: [0mGET /getDefaultData [32m201[0m 44.766 ms - 912[0m
2022-09-06 22:39:35 info: [0mGET /getDefaultData [32m201[0m 46.190 ms - 912[0m
2022-09-06 22:46:16 info: [0mGET /getDefaultData [32m201[0m 1099.733 ms - 912[0m
2022-09-06 22:47:12 info: [0mGET /getDefaultData [32m201[0m 49.413 ms - 912[0m
2022-09-06 22:47:40 info: [0mGET /getDefaultData [32m201[0m 47.132 ms - 912[0m
2022-09-06 22:49:09 info: [0mGET /getDefaultData [32m201[0m 84.368 ms - 912[0m
2022-09-06 22:49:48 info: [0mGET /getDefaultData [32m201[0m 44.673 ms - 912[0m
2022-09-06 22:59:54 info: 🚀 App listening on the port 3000
2022-09-06 22:59:55 info: 🟢 The database is connected.
2022-09-06 23:00:04 info: 🚀 App listening on the port 3000
2022-09-06 23:00:05 info: 🟢 The database is connected.
2022-09-06 23:00:26 info: [0mGET /getDefaultData [32m201[0m 9169.829 ms - 912[0m
2022-09-06 23:01:47 info: [0mGET /getDefaultData [32m201[0m 50.404 ms - 912[0m
2022-09-06 23:01:51 info: [0mOPTIONS /updateCalendarData [32m204[0m 0.397 ms - 0[0m
2022-09-06 23:01:51 info: [0mPOST /updateCalendarData [32m201[0m 51.275 ms - 25[0m
2022-09-06 23:02:55 info: [0mGET /getDefaultData [32m201[0m 45.808 ms - 912[0m
2022-09-06 23:02:59 info: [0mOPTIONS /updateCalendarData [32m204[0m 0.174 ms - 0[0m
2022-09-06 23:02:59 info: [0mPOST /updateCalendarData [32m201[0m 4.027 ms - 25[0m
2022-09-06 23:06:39 info: 🚀 App listening on the port 3000
2022-09-06 23:06:40 info: 🟢 The database is connected.
2022-09-06 23:06:56 info: [0mGET /getDefaultData [32m201[0m 62.051 ms - 912[0m
2022-09-06 23:07:03 info: [0mOPTIONS /updateCalendarData [32m204[0m 0.613 ms - 0[0m
2022-09-06 23:07:03 error: StatusCode : 500, Message : Cannot read properties of undefined (reading 'id')
2022-09-06 23:07:03 info: [0mPOST /updateCalendarData [31m500[0m 38.162 ms - 64[0m
2022-09-06 23:07:31 info: 🚀 App listening on the port 3000
2022-09-06 23:07:31 info: 🟢 The database is connected.
2022-09-06 23:07:43 info: [0mGET /getDefaultData [32m201[0m 61.761 ms - 912[0m
2022-09-06 23:07:47 info: [0mOPTIONS /updateCalendarData [32m204[0m 0.504 ms - 0[0m
2022-09-06 23:07:47 error: StatusCode : 500, Message : Unexpected token o in JSON at position 1
2022-09-06 23:07:47 info: [0mPOST /updateCalendarData [31m500[0m 26.991 ms - 54[0m
2022-09-06 23:08:08 info: 🚀 App listening on the port 3000
2022-09-06 23:08:09 info: 🟢 The database is connected.
2022-09-06 23:08:18 info: [0mGET /getDefaultData [32m201[0m 2132.881 ms - 912[0m
2022-09-06 23:08:19 info: [0mOPTIONS /updateCalendarData [32m204[0m 0.349 ms - 0[0m
2022-09-06 23:08:19 info: [0mPOST /updateCalendarData [32m201[0m 115.593 ms - 25[0m
2022-09-06 23:09:10 info: 🚀 App listening on the port 3000
2022-09-06 23:09:11 info: 🟢 The database is connected.
2022-09-06 23:09:19 info: [0mGET /getDefaultData [32m201[0m 58.860 ms - 912[0m
2022-09-06 23:09:24 info: [0mOPTIONS /updateCalendarData [32m204[0m 0.347 ms - 0[0m
2022-09-06 23:09:24 info: [0mPOST /updateCalendarData [32m201[0m 75.206 ms - 25[0m
2022-09-06 23:11:33 info: 🚀 App listening on the port 3000
2022-09-06 23:11:34 info: 🟢 The database is connected.
2022-09-06 23:11:50 info: [0mOPTIONS /updateCalendarData [32m204[0m 0.930 ms - 0[0m
2022-09-06 23:11:59 info: [0mGET /getDefaultData [32m201[0m 14044.909 ms - 912[0m
2022-09-06 23:12:05 info: [0mPOST /updateCalendarData [32m201[0m 15404.923 ms - 25[0m
2022-09-06 23:16:27 info: 🚀 App listening on the port 3000
2022-09-06 23:16:27 info: 🟢 The database is connected.
2022-09-06 23:16:33 info: [0mGET /getDefaultData [32m201[0m 61.688 ms - 912[0m
2022-09-06 23:16:46 info: [0mOPTIONS /updateCalendarData [32m204[0m 0.822 ms - 0[0m
2022-09-06 23:16:46 info: [0mPOST /updateCalendarData [32m201[0m 187.188 ms - 25[0m
2022-09-06 23:16:57 info: [0mGET /getDefaultData [32m201[0m 51.682 ms - -[0m
2022-09-06 23:18:45 info: 🚀 App listening on the port 3000
2022-09-06 23:18:46 info: 🟢 The database is connected.
2022-09-06 23:20:40 info: 🚀 App listening on the port 3000
2022-09-06 23:20:41 info: 🟢 The database is connected.
2022-09-06 23:20:54 info: [0mGET /getDefaultData [32m201[0m 110.044 ms - -[0m
2022-09-06 23:22:14 info: [0mGET /getDefaultData [32m201[0m 48.781 ms - -[0m
