2022-09-14 11:18:15 info: 🚀 App listening on the port 3000
2022-09-14 11:18:16 info: 🟢 The database is connected.
2022-09-14 11:30:50 info: 🚀 App listening on the port 3000
2022-09-14 11:30:51 info: 🟢 The database is connected.
2022-09-14 11:31:05 info: 🚀 App listening on the port 3000
2022-09-14 11:31:05 info: 🟢 The database is connected.
2022-09-14 11:33:33 info: 🚀 App listening on the port 3000
2022-09-14 11:33:34 info: 🟢 The database is connected.
2022-09-14 11:33:47 info: 🚀 App listening on the port 3000
2022-09-14 11:33:48 info: 🟢 The database is connected.
2022-09-14 11:33:55 info: 🚀 App listening on the port 3000
2022-09-14 11:33:56 info: 🟢 The database is connected.
2022-09-14 11:34:51 info: 🚀 App listening on the port 3000
2022-09-14 11:34:52 info: 🟢 The database is connected.
2022-09-14 11:36:14 info: 🚀 App listening on the port 3000
2022-09-14 11:36:15 info: 🟢 The database is connected.
2022-09-14 11:36:29 info: 🚀 App listening on the port 3000
2022-09-14 11:36:30 info: 🟢 The database is connected.
2022-09-14 11:38:39 info: 🚀 App listening on the port 3000
2022-09-14 11:38:40 info: 🟢 The database is connected.
2022-09-14 11:39:52 info: 🚀 App listening on the port 3000
2022-09-14 11:39:53 info: 🟢 The database is connected.
2022-09-14 11:42:45 info: [0mOPTIONS /createUser [32m204[0m 1.907 ms - 0[0m
2022-09-14 11:42:45 error: StatusCode : 500, Message : req.body.data.length is not a function
2022-09-14 11:42:45 info: [0mPOST /createUser [31m500[0m 257.325 ms - 52[0m
2022-09-14 11:43:06 info: 🚀 App listening on the port 3000
2022-09-14 11:43:07 info: 🟢 The database is connected.
2022-09-14 11:43:10 info: [0mOPTIONS /createUser [32m204[0m 1.854 ms - 0[0m
2022-09-14 11:43:10 error: StatusCode : 409, Message : You're email testWeb5@test.com already exists
2022-09-14 11:43:10 info: [0mPOST /createUser [33m409[0m 108.337 ms - 59[0m
2022-09-14 11:43:34 info: [0mOPTIONS /createUser [32m204[0m 0.398 ms - 0[0m
2022-09-14 11:43:34 info: [0mPOST /createUser [32m201[0m 274.779 ms - 499[0m
2022-09-14 11:45:46 info: 🚀 App listening on the port 3000
2022-09-14 11:45:47 info: 🟢 The database is connected.
2022-09-14 11:45:50 info: 🚀 App listening on the port 3000
2022-09-14 11:45:51 info: 🟢 The database is connected.
2022-09-14 11:46:50 info: 🚀 App listening on the port 3000
2022-09-14 11:46:51 info: 🟢 The database is connected.
2022-09-14 11:47:01 info: 🚀 App listening on the port 3000
2022-09-14 11:47:02 info: 🟢 The database is connected.
2022-09-14 11:47:24 info: [0mOPTIONS /createUser [32m204[0m 1.373 ms - 0[0m
2022-09-14 11:47:24 info: [0mPOST /createUser [32m201[0m 242.751 ms - 499[0m
2022-09-14 11:49:37 info: 🚀 App listening on the port 3000
2022-09-14 11:49:38 info: 🟢 The database is connected.
2022-09-14 11:49:51 info: 🚀 App listening on the port 3000
2022-09-14 11:49:52 info: 🟢 The database is connected.
2022-09-14 11:50:08 info: 🚀 App listening on the port 3000
2022-09-14 11:50:09 info: 🟢 The database is connected.
2022-09-14 11:50:19 info: [0mOPTIONS /createUser [32m204[0m 1.313 ms - 0[0m
2022-09-14 11:50:19 info: [0mPOST /createUser [32m201[0m 193.379 ms - 385[0m
2022-09-14 11:54:24 info: [0mOPTIONS /createUser [32m204[0m 0.313 ms - 0[0m
2022-09-14 11:54:24 info: [0mPOST /createUser [32m201[0m 207.120 ms - 265[0m
2022-09-14 12:17:28 info: [0mGET /getDefaultData [32m201[0m 50.492 ms - -[0m
2022-09-14 12:48:56 info: [0mOPTIONS /createUser [32m204[0m 0.263 ms - 0[0m
2022-09-14 12:48:56 error: StatusCode : 400, Message : email must be an email, password must be a string
2022-09-14 12:48:56 info: [0mPOST /createUser [33m400[0m 5.159 ms - 63[0m
2022-09-14 12:57:33 info: [0mOPTIONS /createUser [32m204[0m 0.231 ms - 0[0m
2022-09-14 12:57:33 error: StatusCode : 400, Message : email must be an email, password must be a string
2022-09-14 12:57:33 info: [0mPOST /createUser [33m400[0m 3.717 ms - 63[0m
2022-09-14 12:57:34 error: StatusCode : 400, Message : email must be an email, password must be a string
2022-09-14 12:57:34 info: [0mPOST /createUser [33m400[0m 3.459 ms - 63[0m
2022-09-14 12:57:41 info: [0mOPTIONS /createUser [32m204[0m 0.198 ms - 0[0m
2022-09-14 12:57:41 error: StatusCode : 400, Message : email must be an email, password must be a string
2022-09-14 12:57:41 info: [0mPOST /createUser [33m400[0m 2.482 ms - 63[0m
2022-09-14 12:58:23 info: [0mOPTIONS /createUser [32m204[0m 0.309 ms - 0[0m
2022-09-14 12:58:23 error: StatusCode : 400, Message : email must be an email, password must be a string
2022-09-14 12:58:23 info: [0mPOST /createUser [33m400[0m 3.381 ms - 63[0m
2022-09-14 12:58:32 info: [0mOPTIONS /createUser [32m204[0m 0.176 ms - 0[0m
2022-09-14 12:58:32 error: StatusCode : 400, Message : email must be an email, password must be a string
2022-09-14 12:58:32 info: [0mPOST /createUser [33m400[0m 3.155 ms - 63[0m
2022-09-14 12:59:20 info: 🚀 App listening on the port 3000
2022-09-14 12:59:21 info: 🟢 The database is connected.
2022-09-14 12:59:24 info: [0mOPTIONS /createUser [32m204[0m 1.322 ms - 0[0m
2022-09-14 12:59:24 error: StatusCode : 400, Message : email must be an email, password must be a string
2022-09-14 12:59:24 info: [0mPOST /createUser [33m400[0m 29.797 ms - 63[0m
2022-09-14 12:59:34 info: [0mOPTIONS /createUser [32m204[0m 0.222 ms - 0[0m
2022-09-14 12:59:34 error: StatusCode : 400, Message : email must be an email, password must be a string
2022-09-14 12:59:34 info: [0mPOST /createUser [33m400[0m 4.439 ms - 63[0m
2022-09-14 13:00:48 info: [0mOPTIONS /createUser [32m204[0m 0.410 ms - 0[0m
2022-09-14 13:00:48 error: StatusCode : 400, Message : email must be an email, password must be a string
2022-09-14 13:00:48 info: [0mPOST /createUser [33m400[0m 2.306 ms - 63[0m
2022-09-14 13:01:34 info: [0mOPTIONS /createUser [32m204[0m 0.223 ms - 0[0m
2022-09-14 13:01:34 error: StatusCode : 400, Message : email must be an email, password must be a string
2022-09-14 13:01:34 info: [0mPOST /createUser [33m400[0m 2.761 ms - 63[0m
2022-09-14 13:03:53 info: [0mOPTIONS /createUser [32m204[0m 0.121 ms - 0[0m
2022-09-14 13:03:53 error: StatusCode : 400, Message : email must be an email, password must be a string
2022-09-14 13:03:53 info: [0mPOST /createUser [33m400[0m 3.083 ms - 63[0m
2022-09-14 13:06:22 info: [0mOPTIONS /createUser [32m204[0m 0.114 ms - 0[0m
2022-09-14 13:06:22 error: StatusCode : 400, Message : email must be an email, password must be a string
2022-09-14 13:06:22 info: [0mPOST /createUser [33m400[0m 1.634 ms - 63[0m
2022-09-14 13:07:24 info: [0mOPTIONS /createUser [32m204[0m 0.250 ms - 0[0m
2022-09-14 13:07:24 info: [0mPOST /createUser [32m201[0m 172.302 ms - 263[0m
2022-09-14 13:16:48 info: [0mOPTIONS /createUser [32m204[0m 0.202 ms - 0[0m
2022-09-14 13:16:48 error: StatusCode : 400, Message : email must be an email, password must be a string
2022-09-14 13:16:48 info: [0mPOST /createUser [33m400[0m 3.070 ms - 63[0m
2022-09-14 13:17:23 info: [0mOPTIONS /createUser [32m204[0m 0.604 ms - 0[0m
2022-09-14 13:17:23 error: StatusCode : 400, Message : email must be an email, password must be a string
2022-09-14 13:17:23 info: [0mPOST /createUser [33m400[0m 3.537 ms - 63[0m
2022-09-14 13:39:33 info: [0mOPTIONS /createUser [32m204[0m 0.570 ms - 0[0m
2022-09-14 13:39:33 error: StatusCode : 400, Message : email must be an email
2022-09-14 13:39:33 info: [0mPOST /createUser [33m400[0m 2.349 ms - 36[0m
2022-09-14 13:39:46 info: [0mOPTIONS /createUser [32m204[0m 0.200 ms - 0[0m
2022-09-14 13:39:46 error: StatusCode : 400, Message : email must be an email, password must be a string
2022-09-14 13:39:46 info: [0mPOST /createUser [33m400[0m 2.293 ms - 63[0m
2022-09-14 13:45:08 info: 🚀 App listening on the port 3000
2022-09-14 13:45:09 info: 🟢 The database is connected.
2022-09-14 13:48:23 info: [0mOPTIONS /createUser [32m204[0m 2.053 ms - 0[0m
2022-09-14 13:48:23 error: StatusCode : 400, Message : email must be an email, password must be a string
2022-09-14 13:48:23 info: [0mPOST /createUser [33m400[0m 38.487 ms - 63[0m
2022-09-14 13:48:35 info: [0mOPTIONS /createUser [32m204[0m 0.220 ms - 0[0m
2022-09-14 13:48:35 error: StatusCode : 400, Message : email must be an email, password must be a string
2022-09-14 13:48:35 info: [0mPOST /createUser [33m400[0m 3.683 ms - 63[0m
