2022-09-07 17:11:46 info: 🚀 App listening on the port 3000
2022-09-07 17:11:47 info: 🟢 The database is connected.
2022-09-07 17:12:20 info: [0mGET /getDefaultData [32m201[0m 65.726 ms - -[0m
2022-09-07 17:12:30 info: [0mOPTIONS /updateCalendarData [32m204[0m 0.436 ms - 0[0m
2022-09-07 17:12:30 info: [0mPOST /updateCalendarData [32m201[0m 211.010 ms - 25[0m
2022-09-07 18:01:05 info: 🚀 App listening on the port 3000
2022-09-07 18:01:06 info: 🟢 The database is connected.
2022-09-07 18:01:27 info: [0mGET /getDefaultData [32m201[0m 62.091 ms - -[0m
2022-09-07 18:01:35 info: [0mOPTIONS /updateCalendarData [32m204[0m 0.451 ms - 0[0m
2022-09-07 18:01:35 error: StatusCode : 500, Message : Update document requires atomic operators
2022-09-07 18:01:35 info: [0mPOST /updateCalendarData [31m500[0m 83.658 ms - 55[0m
2022-09-07 18:04:15 info: 🚀 App listening on the port 3000
2022-09-07 18:04:16 info: 🟢 The database is connected.
2022-09-07 18:05:01 info: [0mGET /getDefaultData [32m201[0m 61.070 ms - -[0m
2022-09-07 18:05:09 info: [0mOPTIONS /updateCalendarData [32m204[0m 0.483 ms - 0[0m
2022-09-07 18:05:09 error: StatusCode : 500, Message : Argument passed in must be a string of 12 bytes or a string of 24 hex characters or an integer
2022-09-07 18:05:09 info: [0mPOST /updateCalendarData [31m500[0m 82.830 ms - 108[0m
2022-09-07 18:14:49 info: 🚀 App listening on the port 3000
2022-09-07 18:14:50 info: 🟢 The database is connected.
2022-09-07 18:16:12 info: 🚀 App listening on the port 3000
2022-09-07 18:16:13 info: 🟢 The database is connected.
2022-09-07 18:18:02 info: 🚀 App listening on the port 3000
2022-09-07 18:18:04 info: 🟢 The database is connected.
2022-09-07 18:18:13 info: [0mGET /getDefaultData [32m201[0m 67.913 ms - -[0m
2022-09-07 18:18:27 info: [0mOPTIONS /updateCalendarData [32m204[0m 0.342 ms - 0[0m
2022-09-07 18:18:27 error: StatusCode : 500, Message : Query Builder is not supported by MongoDB.
2022-09-07 18:18:27 info: [0mPOST /updateCalendarData [31m500[0m 89.816 ms - 56[0m
2022-09-07 18:24:56 info: 🚀 App listening on the port 3000
2022-09-07 18:24:57 info: 🟢 The database is connected.
2022-09-07 18:25:15 info: [0mGET /getDefaultData [32m201[0m 69.997 ms - -[0m
2022-09-07 18:25:33 info: [0mGET /getDefaultData [32m201[0m 56.129 ms - -[0m
2022-09-07 18:25:43 info: [0mOPTIONS /updateCalendarData [32m204[0m 0.798 ms - 0[0m
2022-09-07 18:25:43 info: [0mPOST /updateCalendarData [32m201[0m 139.699 ms - 25[0m
2022-09-07 18:26:26 info: 🚀 App listening on the port 3000
2022-09-07 18:26:27 info: 🟢 The database is connected.
2022-09-07 18:26:40 info: [0mGET /getDefaultData [32m201[0m 65.157 ms - -[0m
2022-09-07 18:26:55 info: [0mGET /getDefaultData [32m201[0m 50.141 ms - -[0m
2022-09-07 18:38:19 info: 🚀 App listening on the port 3000
2022-09-07 18:38:20 info: 🟢 The database is connected.
2022-09-07 18:41:13 info: 🚀 App listening on the port 3000
2022-09-07 18:41:13 info: 🟢 The database is connected.
2022-09-07 18:41:22 info: 🚀 App listening on the port 3000
2022-09-07 18:41:23 info: 🟢 The database is connected.
2022-09-07 18:55:10 info: [0mOPTIONS /updateCalendarData [32m204[0m 2.846 ms - 0[0m
2022-09-07 18:55:10 info: [0mPOST /updateCalendarData [32m201[0m 153.143 ms - 25[0m
2022-09-07 19:06:11 info: [0mGET /getDefaultData [32m201[0m 52.513 ms - -[0m
2022-09-07 19:06:14 info: [0mOPTIONS /updateCalendarData [32m204[0m 0.184 ms - 0[0m
2022-09-07 19:06:14 info: [0mPOST /updateCalendarData [32m201[0m 101.748 ms - 25[0m
2022-09-07 19:07:08 info: [0mGET /getDefaultData [32m201[0m 49.139 ms - -[0m
2022-09-07 19:07:19 info: [0mOPTIONS /updateCalendarData [32m204[0m 0.166 ms - 0[0m
2022-09-07 19:07:19 info: [0mPOST /updateCalendarData [32m201[0m 96.551 ms - 25[0m
2022-09-07 19:10:10 info: [0mGET /getDefaultData [32m201[0m 48.554 ms - -[0m
2022-09-07 19:18:51 info: [0mGET /getDefaultData [32m201[0m 47.546 ms - -[0m
2022-09-07 19:31:19 info: [0mGET /getDefaultData [32m201[0m 45.257 ms - -[0m
2022-09-07 19:31:23 info: [0mOPTIONS /deleteCalendarItem [32m204[0m 0.226 ms - 0[0m
2022-09-07 19:31:23 error: StatusCode : 400, Message : Unexpected token " in JSON at position 0
2022-09-07 19:31:23 info: [0mPOST /deleteCalendarItem [33m400[0m 9.173 ms - 55[0m
2022-09-07 19:32:23 info: [0mGET /getDefaultData [32m201[0m 47.620 ms - -[0m
2022-09-07 19:32:24 info: [0mOPTIONS /deleteCalendarItem [32m204[0m 0.189 ms - 0[0m
2022-09-07 19:32:24 info: [0mPOST /deleteCalendarItem [32m201[0m 5.961 ms - 25[0m
2022-09-07 19:35:28 info: [0mGET /getDefaultData [32m201[0m 49.127 ms - -[0m
2022-09-07 20:05:19 info: [0mGET /getDefaultData [32m201[0m 53.005 ms - -[0m
2022-09-07 20:05:23 info: [0mOPTIONS /deleteCalendarItem [32m204[0m 0.277 ms - 0[0m
2022-09-07 20:05:23 info: [0mPOST /deleteCalendarItem [32m201[0m 4.050 ms - 25[0m
2022-09-07 20:08:36 info: [0mGET /getDefaultData [32m201[0m 49.694 ms - -[0m
2022-09-07 20:08:39 info: [0mOPTIONS /deleteCalendarItem [32m204[0m 0.344 ms - 0[0m
2022-09-07 20:08:39 info: [0mPOST /deleteCalendarItem [32m201[0m 4.760 ms - 25[0m
2022-09-07 20:11:31 info: [0mGET /getDefaultData [32m201[0m 47.943 ms - -[0m
2022-09-07 20:11:37 info: [0mGET /getDefaultData [32m201[0m 47.027 ms - -[0m
2022-09-07 20:11:38 info: [0mOPTIONS /deleteCalendarItem [32m204[0m 0.182 ms - 0[0m
2022-09-07 20:11:38 info: [0mPOST /deleteCalendarItem [32m201[0m 4.204 ms - 25[0m
2022-09-07 20:12:00 info: [0mGET /getDefaultData [32m201[0m 47.364 ms - -[0m
2022-09-07 20:12:24 info: [0mGET /getDefaultData [32m201[0m 45.543 ms - -[0m
2022-09-07 20:12:26 info: [0mOPTIONS /deleteCalendarItem [32m204[0m 0.256 ms - 0[0m
2022-09-07 20:12:26 info: [0mPOST /deleteCalendarItem [32m201[0m 3.831 ms - 25[0m
2022-09-07 20:13:26 info: [0mGET /getDefaultData [32m201[0m 46.254 ms - -[0m
2022-09-07 20:13:28 info: [0mOPTIONS /deleteCalendarItem [32m204[0m 0.293 ms - 0[0m
2022-09-07 20:13:28 info: [0mPOST /deleteCalendarItem [32m201[0m 3.522 ms - 25[0m
2022-09-07 20:13:35 info: [0mOPTIONS /deleteCalendarItem [32m204[0m 0.148 ms - 0[0m
2022-09-07 20:13:35 info: [0mPOST /deleteCalendarItem [32m201[0m 2.594 ms - 25[0m
2022-09-07 20:13:51 info: [0mGET /getDefaultData [32m201[0m 44.232 ms - -[0m
2022-09-07 20:14:18 info: [0mGET /getDefaultData [32m201[0m 46.746 ms - -[0m
2022-09-07 20:14:20 info: [0mOPTIONS /deleteCalendarItem [32m204[0m 0.148 ms - 0[0m
2022-09-07 20:14:20 info: [0mPOST /deleteCalendarItem [32m201[0m 3.639 ms - 25[0m
2022-09-07 20:14:32 info: [0mOPTIONS /deleteCalendarItem [32m204[0m 0.233 ms - 0[0m
2022-09-07 20:14:32 info: [0mPOST /deleteCalendarItem [32m201[0m 7.706 ms - 25[0m
2022-09-07 20:16:17 info: [0mGET /getDefaultData [32m201[0m 48.418 ms - -[0m
2022-09-07 20:16:23 info: [0mOPTIONS /deleteCalendarItem [32m204[0m 0.349 ms - 0[0m
2022-09-07 20:16:23 info: [0mPOST /deleteCalendarItem [32m201[0m 6.125 ms - 25[0m
2022-09-07 20:16:28 info: [0mOPTIONS /deleteCalendarItem [32m204[0m 0.161 ms - 0[0m
2022-09-07 20:16:28 info: [0mPOST /deleteCalendarItem [32m201[0m 4.259 ms - 25[0m
2022-09-07 20:18:57 info: [0mGET /getDefaultData [32m201[0m 45.712 ms - -[0m
2022-09-07 20:18:59 info: [0mOPTIONS /deleteCalendarItem [32m204[0m 0.130 ms - 0[0m
2022-09-07 20:18:59 info: [0mPOST /deleteCalendarItem [32m201[0m 4.063 ms - 25[0m
2022-09-07 20:19:04 info: [0mOPTIONS /deleteCalendarItem [32m204[0m 0.312 ms - 0[0m
2022-09-07 20:19:04 info: [0mPOST /deleteCalendarItem [32m201[0m 5.021 ms - 25[0m
2022-09-07 20:20:25 info: [0mGET /getDefaultData [32m201[0m 47.962 ms - -[0m
2022-09-07 20:20:27 info: [0mOPTIONS /deleteCalendarItem [32m204[0m 0.220 ms - 0[0m
2022-09-07 20:20:27 info: [0mPOST /deleteCalendarItem [32m201[0m 3.222 ms - 25[0m
2022-09-07 20:20:30 info: [0mPOST /deleteCalendarItem [32m201[0m 2.999 ms - 25[0m
2022-09-07 20:20:31 info: [0mPOST /deleteCalendarItem [32m201[0m 5.169 ms - 25[0m
2022-09-07 20:20:37 info: [0mGET /getDefaultData [32m201[0m 45.057 ms - -[0m
2022-09-07 20:23:52 info: 🚀 App listening on the port 3000
2022-09-07 20:23:55 info: 🚀 App listening on the port 3000
2022-09-07 20:23:56 info: 🟢 The database is connected.
2022-09-07 20:24:00 info: [0mOPTIONS /deleteCalendarItem [32m204[0m 4.113 ms - 0[0m
2022-09-07 20:24:00 info: [0mPOST /deleteCalendarItem [32m201[0m 45.947 ms - 25[0m
2022-09-07 20:24:21 info: 🚀 App listening on the port 3000
2022-09-07 20:24:22 info: 🟢 The database is connected.
2022-09-07 20:25:27 info: 🚀 App listening on the port 3000
2022-09-07 20:25:28 info: 🟢 The database is connected.
2022-09-07 20:25:37 info: 🚀 App listening on the port 3000
2022-09-07 20:25:38 info: 🟢 The database is connected.
2022-09-07 20:25:49 info: [0mOPTIONS /deleteCalendarItem [32m204[0m 2.099 ms - 0[0m
2022-09-07 20:25:49 info: [0mPOST /deleteCalendarItem [32m201[0m 137.854 ms - 25[0m
2022-09-07 20:26:30 info: 🚀 App listening on the port 3000
2022-09-07 20:26:31 info: 🟢 The database is connected.
2022-09-07 20:27:44 info: 🚀 App listening on the port 3000
2022-09-07 20:27:45 info: 🟢 The database is connected.
2022-09-07 20:28:02 info: [0mOPTIONS /deleteCalendarItem [32m204[0m 2.076 ms - 0[0m
2022-09-07 20:28:02 error: StatusCode : 500, Message : typeorm_1.ObjectID is not a constructor
2022-09-07 20:28:02 info: [0mPOST /deleteCalendarItem [31m500[0m 41.806 ms - 53[0m
2022-09-07 20:50:38 info: 🚀 App listening on the port 3000
2022-09-07 20:50:39 info: 🟢 The database is connected.
2022-09-07 23:58:10 info: 🚀 App listening on the port 3000
2022-09-07 23:58:10 info: 🟢 The database is connected.
